<?xml version="1.0" encoding="UTF-8"?>
<!-- Generated by org.testng.reporters.JUnitReportReporter -->
<testsuite hostname="LAPTOP-IFH1GGH3" failures="0" tests="2" name="Dataprovider.dataprovider1" time="16.830" errors="0" timestamp="2023-07-10T21:11:47 IST" skipped="0">
  <testcase classname="Dataprovider.dataprovider1" name="logintest" time="9.204"/>
  <system-out/>
  <testcase classname="Dataprovider.dataprovider1" name="logintest" time="7.626"/>
  <system-out/>
</testsuite> <!-- Dataprovider.dataprovider1 -->
